2023-04-17 18:24:57 INFO  Hooks:17 - Driver successfully started
2023-04-17 18:25:03 INFO  OrangeHRMLogin:28 - Renastech!123password is successfully entered
2023-04-17 18:25:07 INFO  OrangeHRMHome:63 - Bahuio6arsuccessfully is entered
2023-04-17 18:25:08 INFO  OrangeHRMHome:68 - Banha1233$$%successfully is entered
2023-04-17 18:25:08 INFO  OrangeHRMHome:110 - button login details successfully added
2023-04-17 18:25:08 INFO  OrangeHRMHome:112 - renastech357provided as username
2023-04-17 18:25:09 INFO  Hooks:17 - Driver successfully started
2023-04-17 18:25:10 INFO  Hooks:17 - Driver successfully started
2023-04-17 18:25:14 INFO  OrangeHRMLogin:28 - Renastech!123password is successfully entered
2023-04-17 18:25:19 INFO  OrangeHRMHome:63 - Bahuio6arsuccessfully is entered
2023-04-17 18:25:19 INFO  OrangeHRMHome:68 - Banha1233$$%successfully is entered
2023-04-17 18:25:20 INFO  OrangeHRMHome:110 - button login details successfully added
2023-04-17 18:25:20 INFO  OrangeHRMHome:112 - Aligh876fprovided as username
2023-04-17 18:25:21 INFO  Hooks:17 - Driver successfully started
2023-04-17 18:25:22 INFO  Hooks:17 - Driver successfully started
2023-04-17 18:25:25 INFO  OrangeHRMLogin:28 - Renastech!123password is successfully entered
2023-04-17 18:25:29 INFO  OrangeHRMHome:63 - Bahuio6arsuccessfully is entered
2023-04-17 18:25:30 INFO  OrangeHRMHome:68 - Banha1233$$%successfully is entered
2023-04-17 18:25:30 INFO  OrangeHRMHome:110 - button login details successfully added
2023-04-17 18:25:30 INFO  OrangeHRMHome:112 - Seary654provided as username
2023-04-17 18:25:31 INFO  Hooks:17 - Driver successfully started
2023-04-17 18:25:33 INFO  OrangeHRMLogin:28 - Renastech!123password is successfully entered
2023-04-17 18:25:35 INFO  OrangeHRMHome:63 - sadsddfsuccessfully is entered
2023-04-17 18:25:35 INFO  OrangeHRMHome:68 - sfdsdgfdgdfgsuccessfully is entered
2023-04-17 18:25:35 INFO  OrangeHRMHome:110 - button login details successfully added
2023-04-17 18:25:36 INFO  OrangeHRMHome:112 - renastech357provided as username
2023-04-17 18:25:37 INFO  Hooks:17 - Driver successfully started
2023-04-17 18:25:41 INFO  OrangeHRMLogin:28 - Renastech!123password is successfully entered
2023-04-17 18:25:44 INFO  OrangeHRMHome:63 - ghfghfghjsuccessfully is entered
2023-04-17 18:25:44 INFO  OrangeHRMHome:68 - ghfhgfhfgsuccessfully is entered
2023-04-17 18:25:44 INFO  OrangeHRMHome:110 - button login details successfully added
2023-04-17 18:25:44 INFO  OrangeHRMHome:112 - Renastecfh$32provided as username
2023-04-17 18:25:46 INFO  Hooks:17 - Driver successfully started
2023-04-17 18:25:48 INFO  OrangeHRMLogin:28 - Renastech!123password is successfully entered
2023-04-17 18:25:50 INFO  OrangeHRMHome:63 - jmhgggsuccessfully is entered
2023-04-17 18:25:50 INFO  OrangeHRMHome:68 - kjkhgfffffsuccessfully is entered
2023-04-17 18:25:50 INFO  OrangeHRMHome:110 - button login details successfully added
2023-04-17 18:25:51 INFO  OrangeHRMHome:112 - Aligh876fprovided as username
2023-04-17 18:25:52 INFO  Hooks:17 - Driver successfully started
2023-04-17 18:25:54 INFO  OrangeHRMLogin:28 - Renastech!123password is successfully entered
2023-04-17 18:25:57 INFO  OrangeHRMHome:63 - dfgdfgfdgsuccessfully is entered
2023-04-17 18:25:57 INFO  OrangeHRMHome:68 - twew55qiisuccessfully is entered
2023-04-17 18:25:57 INFO  OrangeHRMHome:110 - button login details successfully added
2023-04-17 18:25:57 INFO  OrangeHRMHome:112 - Hana5hjkprovided as username
2023-04-17 18:25:58 INFO  Hooks:17 - Driver successfully started
2023-04-17 18:26:00 INFO  OrangeHRMLogin:28 - Renastech!123password is successfully entered
2023-04-17 18:26:03 INFO  OrangeHRMHome:63 - nmkjghfdsuccessfully is entered
2023-04-17 18:26:03 INFO  OrangeHRMHome:68 - yhgdwqa45sssuccessfully is entered
2023-04-17 18:26:03 INFO  OrangeHRMHome:110 - button login details successfully added
2023-04-17 18:26:04 INFO  OrangeHRMHome:112 - Seary6554provided as username
2023-04-17 18:26:05 INFO  Hooks:17 - Driver successfully started
2023-04-17 18:26:07 INFO  OrangeHRMLogin:28 - Renastech!123password is successfully entered
2023-04-17 18:26:09 INFO  Hooks:17 - Driver successfully started
2023-04-17 18:26:11 INFO  OrangeHRMLogin:28 - Renastech!123password is successfully entered
2023-04-17 18:26:13 INFO  Hooks:17 - Driver successfully started
2023-04-17 18:26:15 INFO  OrangeHRMLogin:28 - Renastech!123password is successfully entered
2023-04-17 18:26:17 INFO  Hooks:17 - Driver successfully started
2023-04-17 18:26:19 INFO  OrangeHRMLogin:28 - Renastech!123password is successfully entered
2023-04-17 18:27:31 INFO  Hooks:17 - Driver successfully started
2023-04-17 18:27:36 INFO  OrangeHRMLogin:28 - Renastech!123password is successfully entered
2023-04-17 18:27:39 INFO  OrangeHRMHome:63 - Shanuaz251successfully is entered
2023-04-17 18:27:39 INFO  OrangeHRMHome:68 - Renasutech215successfully is entered
2023-04-17 18:27:41 INFO  OrangeHRMHome:73 - save button successfully added
2023-04-17 18:29:00 INFO  Hooks:17 - Driver successfully started
2023-04-17 18:29:05 INFO  OrangeHRMLogin:28 - Renastech!123password is successfully entered
2023-04-17 18:29:09 INFO  OrangeHRMHome:63 - Shanuaz251successfully is entered
2023-04-17 18:29:09 INFO  OrangeHRMHome:68 - Renasutech215successfully is entered
2023-04-17 18:29:11 INFO  OrangeHRMHome:73 - save button successfully added
2023-04-17 18:30:02 INFO  Hooks:17 - Driver successfully started
2023-04-17 18:30:08 INFO  OrangeHRMLogin:28 - Renastech!123password is successfully entered
2023-04-17 18:30:13 INFO  OrangeHRMHome:63 - Hawresuccessfully is entered
2023-04-17 18:30:13 INFO  OrangeHRMHome:68 - Alisuccessfully is entered
2023-04-17 18:30:14 INFO  OrangeHRMHome:73 - save button successfully added
2023-04-25 00:07:37 INFO  Hooks:17 - Driver successfully started
2023-04-25 00:07:40 INFO  OrangeHRMLogin:28 - Renastech!123password is successfully entered
2023-04-25 00:07:42 INFO  OrangeHRMHome:63 - Hawresuccessfully is entered
2023-04-25 00:07:43 INFO  OrangeHRMHome:68 - Alisuccessfully is entered
2023-04-25 00:07:43 INFO  OrangeHRMHome:73 - save button successfully added
2023-04-25 00:07:46 INFO  Hooks:17 - Driver successfully started
2023-04-25 00:07:47 INFO  OrangeHRMLogin:28 - Renastech!123password is successfully entered
2023-04-25 00:07:50 INFO  OrangeHRMHome:63 - Shanuaz251successfully is entered
2023-04-25 00:07:50 INFO  OrangeHRMHome:68 - Renasutech215successfully is entered
2023-04-25 00:07:52 INFO  OrangeHRMHome:73 - save button successfully added
